0 info it worked if it ends with ok
1 verbose cli [ '/usr/local/bin/node', '/usr/local/bin/npm', 'start' ]
2 info using npm@3.3.12
3 info using node@v6.10.2
4 verbose run-script [ 'prestart', 'start', 'poststart' ]
5 info lifecycle vps4trading@~prestart: vps4trading@
6 silly lifecycle vps4trading@~prestart: no script for prestart, continuing
7 info lifecycle vps4trading@~start: vps4trading@
8 verbose lifecycle vps4trading@~start: unsafe-perm in lifecycle true
9 verbose lifecycle vps4trading@~start: PATH: /usr/local/lib/node_modules/npm/bin/node-gyp-bin:/Volumes/KadDrive/Projects/vps4trading/node_modules/.bin:/opt/local/bin:/opt/local/sbin:/Volumes/KadDrive/google-cloud-sdk/bin:/opt/local/bin:/opt/local/sbin:/usr/local/bin:/usr/bin:/bin:/usr/sbin:/sbin:/opt/local/bin:/opt/local/sbin:/Volumes/KadDrive/google-cloud-sdk/bin:/Users/jasonk/apache-maven-3.2.5/bin:/usr/local/mysql/bin:/Users/jasonk/apache-maven-3.2.5/bin:/usr/local/mysql/bin
10 verbose lifecycle vps4trading@~start: CWD: /Volumes/KadDrive/Projects/vps4trading
11 silly lifecycle vps4trading@~start: Args: [ '-c', 'meteor run' ]
12 silly lifecycle vps4trading@~start: Returned: code: 1  signal: null
13 info lifecycle vps4trading@~start: Failed to exec start script
14 verbose stack Error: vps4trading@ start: `meteor run`
14 verbose stack Exit status 1
14 verbose stack     at EventEmitter.<anonymous> (/usr/local/lib/node_modules/npm/lib/utils/lifecycle.js:232:16)
14 verbose stack     at emitTwo (events.js:106:13)
14 verbose stack     at EventEmitter.emit (events.js:191:7)
14 verbose stack     at ChildProcess.<anonymous> (/usr/local/lib/node_modules/npm/lib/utils/spawn.js:24:14)
14 verbose stack     at emitTwo (events.js:106:13)
14 verbose stack     at ChildProcess.emit (events.js:191:7)
14 verbose stack     at maybeClose (internal/child_process.js:886:16)
14 verbose stack     at Process.ChildProcess._handle.onexit (internal/child_process.js:226:5)
15 verbose pkgid vps4trading@
16 verbose cwd /Volumes/KadDrive/Projects/vps4trading
17 error Darwin 16.5.0
18 error argv "/usr/local/bin/node" "/usr/local/bin/npm" "start"
19 error node v6.10.2
20 error npm  v3.3.12
21 error code ELIFECYCLE
22 error vps4trading@ start: `meteor run`
22 error Exit status 1
23 error Failed at the vps4trading@ start script 'meteor run'.
23 error Make sure you have the latest version of node.js and npm installed.
23 error If you do, this is most likely a problem with the vps4trading package,
23 error not with npm itself.
23 error Tell the author that this fails on your system:
23 error     meteor run
23 error You can get their info via:
23 error     npm owner ls vps4trading
23 error There is likely additional logging output above.
24 verbose exit [ 1, true ]
